This file contains any messages produced by compilers while
running configure, to aid debugging if configure makes a mistake.

It was created by KMD configure 1.6, which was
generated by GNU Autoconf 2.69.  Invocation command line was

  $ ./configure 

## --------- ##
## Platform. ##
## --------- ##

hostname = candy-kingdom
uname -m = x86_64
uname -r = 4.7.6-1-ARCH
uname -s = Linux
uname -v = #1 SMP PREEMPT Fri Sep 30 19:28:42 CEST 2016

/usr/bin/uname -p = unknown
/bin/uname -X     = unknown

/bin/arch              = unknown
/usr/bin/arch -k       = unknown
/usr/convex/getsysinfo = unknown
/usr/bin/hostinfo      = unknown
/bin/machine           = unknown
/usr/bin/oslevel       = unknown
/bin/universe          = unknown

PATH: /usr/local/sbin
PATH: /usr/local/bin
PATH: /usr/bin
PATH: /usr/bin/site_perl
PATH: /usr/bin/vendor_perl
PATH: /usr/bin/core_perl


## ----------- ##
## Core tests. ##
## ----------- ##

configure:1963: checking build system type
configure:1977: result: x86_64-unknown-linux-gnu
configure:1997: checking host system type
configure:2010: result: x86_64-unknown-linux-gnu
configure:2030: checking target system type
configure:2043: result: x86_64-unknown-linux-gnu
configure:2086: checking for a BSD-compatible install
configure:2154: result: /usr/bin/install -c
configure:2165: checking whether build environment is sane
configure:2220: result: yes
configure:2258: WARNING: 'missing' script is too old or missing
configure:2371: checking for a thread-safe mkdir -p
configure:2410: result: /usr/bin/mkdir -p
configure:2417: checking for gawk
configure:2433: found /usr/bin/gawk
configure:2444: result: gawk
configure:2455: checking whether make sets $(MAKE)
configure:2477: result: yes
configure:2506: checking whether make supports nested variables
configure:2523: result: yes
configure:2700: checking for gcc
configure:2716: found /usr/bin/gcc
configure:2727: result: gcc
configure:2956: checking for C compiler version
configure:2965: gcc --version >&5
gcc (GCC) 6.3.1 20170109
Copyright (C) 2016 Free Software Foundation, Inc.
This is free software; see the source for copying conditions.  There is NO
warranty; not even for MERCHANTABILITY or FITNESS FOR A PARTICULAR PURPOSE.

configure:2976: $? = 0
configure:2965: gcc -v >&5
Using built-in specs.
COLLECT_GCC=gcc
COLLECT_LTO_WRAPPER=/usr/lib/gcc/x86_64-pc-linux-gnu/6.3.1/lto-wrapper
Target: x86_64-pc-linux-gnu
Configured with: /build/gcc/src/gcc/configure --prefix=/usr --libdir=/usr/lib --libexecdir=/usr/lib --mandir=/usr/share/man --infodir=/usr/share/info --with-bugurl=https://bugs.archlinux.org/ --enable-languages=c,c++,ada,fortran,go,lto,objc,obj-c++ --enable-shared --enable-threads=posix --enable-libmpx --with-system-zlib --with-isl --enable-__cxa_atexit --disable-libunwind-exceptions --enable-clocale=gnu --disable-libstdcxx-pch --disable-libssp --enable-gnu-unique-object --enable-linker-build-id --enable-lto --enable-plugin --enable-install-libiberty --with-linker-hash-style=gnu --enable-gnu-indirect-function --disable-multilib --disable-werror --enable-checking=release
Thread model: posix
gcc version 6.3.1 20170109 (GCC) 
configure:2976: $? = 0
configure:2965: gcc -V >&5
gcc: error: unrecognized command line option '-V'
gcc: fatal error: no input files
compilation terminated.
configure:2976: $? = 1
configure:2965: gcc -qversion >&5
gcc: error: unrecognized command line option '-qversion'; did you mean '--version'?
gcc: fatal error: no input files
compilation terminated.
configure:2976: $? = 1
configure:2996: checking whether the C compiler works
configure:3018: gcc  -g -DGTK_ENABLE_BROKEN    conftest.c  >&5
configure:3022: $? = 0
configure:3070: result: yes
configure:3073: checking for C compiler default output file name
configure:3075: result: a.out
configure:3081: checking for suffix of executables
configure:3088: gcc -o conftest  -g -DGTK_ENABLE_BROKEN    conftest.c  >&5
configure:3092: $? = 0
configure:3114: result: 
configure:3136: checking whether we are cross compiling
configure:3144: gcc -o conftest  -g -DGTK_ENABLE_BROKEN    conftest.c  >&5
configure:3148: $? = 0
configure:3155: ./conftest
configure:3159: $? = 0
configure:3174: result: no
configure:3179: checking for suffix of object files
configure:3201: gcc -c  -g -DGTK_ENABLE_BROKEN   conftest.c >&5
configure:3205: $? = 0
configure:3226: result: o
configure:3230: checking whether we are using the GNU C compiler
configure:3249: gcc -c  -g -DGTK_ENABLE_BROKEN   conftest.c >&5
configure:3249: $? = 0
configure:3258: result: yes
configure:3267: checking whether gcc accepts -g
configure:3287: gcc -c -g  conftest.c >&5
configure:3287: $? = 0
configure:3328: result: yes
configure:3345: checking for gcc option to accept ISO C89
configure:3408: gcc  -c  -g -DGTK_ENABLE_BROKEN   conftest.c >&5
configure:3408: $? = 0
configure:3421: result: none needed
configure:3446: checking whether gcc understands -c and -o together
configure:3468: gcc -c conftest.c -o conftest2.o
configure:3471: $? = 0
configure:3468: gcc -c conftest.c -o conftest2.o
configure:3471: $? = 0
configure:3483: result: yes
configure:3511: checking for style of include used by make
configure:3539: result: GNU
configure:3565: checking dependency style of gcc
configure:3676: result: gcc3
configure:3739: checking for gcc
configure:3766: result: gcc
configure:3995: checking for C compiler version
configure:4004: gcc --version >&5
gcc (GCC) 6.3.1 20170109
Copyright (C) 2016 Free Software Foundation, Inc.
This is free software; see the source for copying conditions.  There is NO
warranty; not even for MERCHANTABILITY or FITNESS FOR A PARTICULAR PURPOSE.

configure:4015: $? = 0
configure:4004: gcc -v >&5
Using built-in specs.
COLLECT_GCC=gcc
COLLECT_LTO_WRAPPER=/usr/lib/gcc/x86_64-pc-linux-gnu/6.3.1/lto-wrapper
Target: x86_64-pc-linux-gnu
Configured with: /build/gcc/src/gcc/configure --prefix=/usr --libdir=/usr/lib --libexecdir=/usr/lib --mandir=/usr/share/man --infodir=/usr/share/info --with-bugurl=https://bugs.archlinux.org/ --enable-languages=c,c++,ada,fortran,go,lto,objc,obj-c++ --enable-shared --enable-threads=posix --enable-libmpx --with-system-zlib --with-isl --enable-__cxa_atexit --disable-libunwind-exceptions --enable-clocale=gnu --disable-libstdcxx-pch --disable-libssp --enable-gnu-unique-object --enable-linker-build-id --enable-lto --enable-plugin --enable-install-libiberty --with-linker-hash-style=gnu --enable-gnu-indirect-function --disable-multilib --disable-werror --enable-checking=release
Thread model: posix
gcc version 6.3.1 20170109 (GCC) 
configure:4015: $? = 0
configure:4004: gcc -V >&5
gcc: error: unrecognized command line option '-V'
gcc: fatal error: no input files
compilation terminated.
configure:4015: $? = 1
configure:4004: gcc -qversion >&5
gcc: error: unrecognized command line option '-qversion'; did you mean '--version'?
gcc: fatal error: no input files
compilation terminated.
configure:4015: $? = 1
configure:4019: checking whether we are using the GNU C compiler
configure:4047: result: yes
configure:4056: checking whether gcc accepts -g
configure:4117: result: yes
configure:4134: checking for gcc option to accept ISO C89
configure:4210: result: none needed
configure:4235: checking whether gcc understands -c and -o together
configure:4272: result: yes
configure:4291: checking dependency style of gcc
configure:4402: result: gcc3
configure:4425: checking how to run the C preprocessor
configure:4456: gcc -E  conftest.c
configure:4456: $? = 0
configure:4470: gcc -E  conftest.c
conftest.c:11:28: fatal error: ac_nonexistent.h: No such file or directory
 #include <ac_nonexistent.h>
                            ^
compilation terminated.
configure:4470: $? = 1
configure: failed program was:
| /* confdefs.h */
| #define PACKAGE_NAME "KMD"
| #define PACKAGE_TARNAME "kmd"
| #define PACKAGE_VERSION "1.6"
| #define PACKAGE_STRING "KMD 1.6"
| #define PACKAGE_BUGREPORT ""
| #define PACKAGE_URL ""
| #define PACKAGE "kmd"
| #define VERSION "1.6"
| /* end confdefs.h.  */
| #include <ac_nonexistent.h>
configure:4495: result: gcc -E
configure:4515: gcc -E  conftest.c
configure:4515: $? = 0
configure:4529: gcc -E  conftest.c
conftest.c:11:28: fatal error: ac_nonexistent.h: No such file or directory
 #include <ac_nonexistent.h>
                            ^
compilation terminated.
configure:4529: $? = 1
configure: failed program was:
| /* confdefs.h */
| #define PACKAGE_NAME "KMD"
| #define PACKAGE_TARNAME "kmd"
| #define PACKAGE_VERSION "1.6"
| #define PACKAGE_STRING "KMD 1.6"
| #define PACKAGE_BUGREPORT ""
| #define PACKAGE_URL ""
| #define PACKAGE "kmd"
| #define VERSION "1.6"
| /* end confdefs.h.  */
| #include <ac_nonexistent.h>
configure:4558: checking for grep that handles long lines and -e
configure:4616: result: /usr/bin/grep
configure:4621: checking for egrep
configure:4683: result: /usr/bin/grep -E
configure:4688: checking for ANSI C header files
configure:4708: gcc -c  -g -DGTK_ENABLE_BROKEN   conftest.c >&5
configure:4708: $? = 0
configure:4781: gcc -o conftest  -g -DGTK_ENABLE_BROKEN    conftest.c  >&5
configure:4781: $? = 0
configure:4781: ./conftest
configure:4781: $? = 0
configure:4792: result: yes
configure:4944: checking for pkg-config
configure:4962: found /usr/bin/pkg-config
configure:4974: result: /usr/bin/pkg-config
configure:4999: checking pkg-config is at least version 0.9.0
configure:5002: result: yes
configure:5012: checking for GLIB
configure:5019: $PKG_CONFIG --exists --print-errors "glib-2.0 >= 2.5.0"
configure:5022: $? = 0
configure:5036: $PKG_CONFIG --exists --print-errors "glib-2.0 >= 2.5.0"
configure:5039: $? = 0
configure:5097: result: yes
configure:5103: checking for GTK
configure:5110: $PKG_CONFIG --exists --print-errors "gtk+-2.0"
configure:5113: $? = 0
configure:5127: $PKG_CONFIG --exists --print-errors "gtk+-2.0"
configure:5130: $? = 0
configure:5188: result: yes
configure:5314: checking that generated files are newer than configure
configure:5320: result: done
configure:5347: creating ./config.status

## ---------------------- ##
## Running config.status. ##
## ---------------------- ##

This file was extended by KMD config.status 1.6, which was
generated by GNU Autoconf 2.69.  Invocation command line was

  CONFIG_FILES    = 
  CONFIG_HEADERS  = 
  CONFIG_LINKS    = 
  CONFIG_COMMANDS = 
  $ ./config.status 

on candy-kingdom

config.status:873: creating Makefile
config.status:873: creating src/Makefile
config.status:873: creating src/Pixmaps/Makefile
config.status:873: creating config.h
config.status:1102: executing depfiles commands

## ---------------- ##
## Cache variables. ##
## ---------------- ##

ac_cv_build=x86_64-unknown-linux-gnu
ac_cv_c_compiler_gnu=yes
ac_cv_env_CC_set=
ac_cv_env_CC_value=
ac_cv_env_CFLAGS_set=
ac_cv_env_CFLAGS_value=
ac_cv_env_CPPFLAGS_set=
ac_cv_env_CPPFLAGS_value=
ac_cv_env_CPP_set=
ac_cv_env_CPP_value=
ac_cv_env_GLIB_CFLAGS_set=
ac_cv_env_GLIB_CFLAGS_value=
ac_cv_env_GLIB_LIBS_set=
ac_cv_env_GLIB_LIBS_value=
ac_cv_env_GTK_CFLAGS_set=
ac_cv_env_GTK_CFLAGS_value=
ac_cv_env_GTK_LIBS_set=
ac_cv_env_GTK_LIBS_value=
ac_cv_env_LDFLAGS_set=
ac_cv_env_LDFLAGS_value=
ac_cv_env_LIBS_set=
ac_cv_env_LIBS_value=
ac_cv_env_PKG_CONFIG_LIBDIR_set=
ac_cv_env_PKG_CONFIG_LIBDIR_value=
ac_cv_env_PKG_CONFIG_PATH_set=
ac_cv_env_PKG_CONFIG_PATH_value=
ac_cv_env_PKG_CONFIG_set=
ac_cv_env_PKG_CONFIG_value=
ac_cv_env_build_alias_set=
ac_cv_env_build_alias_value=
ac_cv_env_host_alias_set=
ac_cv_env_host_alias_value=
ac_cv_env_target_alias_set=
ac_cv_env_target_alias_value=
ac_cv_header_stdc=yes
ac_cv_host=x86_64-unknown-linux-gnu
ac_cv_objext=o
ac_cv_path_EGREP='/usr/bin/grep -E'
ac_cv_path_GREP=/usr/bin/grep
ac_cv_path_ac_pt_PKG_CONFIG=/usr/bin/pkg-config
ac_cv_path_install='/usr/bin/install -c'
ac_cv_path_mkdir=/usr/bin/mkdir
ac_cv_prog_AWK=gawk
ac_cv_prog_CPP='gcc -E'
ac_cv_prog_ac_ct_CC=gcc
ac_cv_prog_cc_c89=
ac_cv_prog_cc_g=yes
ac_cv_prog_make_make_set=yes
ac_cv_target=x86_64-unknown-linux-gnu
am_cv_CC_dependencies_compiler_type=gcc3
am_cv_make_support_nested_variables=yes
am_cv_prog_cc_c_o=yes
am_cv_prog_cc_stdc=
pkg_cv_GLIB_CFLAGS='-I/usr/include/glib-2.0 -I/usr/lib/glib-2.0/include'
pkg_cv_GLIB_LIBS=-lglib-2.0
pkg_cv_GTK_CFLAGS='-pthread -I/usr/include/gtk-2.0 -I/usr/lib/gtk-2.0/include -I/usr/include/pango-1.0 -I/usr/include/atk-1.0 -I/usr/include/cairo -I/usr/include/pixman-1 -I/usr/include/libdrm -I/usr/include/gdk-pixbuf-2.0 -I/usr/include/libpng16 -I/usr/include/pango-1.0 -I/usr/include/freetype2 -I/usr/include/libpng16 -I/usr/include/harfbuzz -I/usr/include/glib-2.0 -I/usr/lib/glib-2.0/include -I/usr/include/freetype2 -I/usr/include/libpng16 -I/usr/include/harfbuzz -I/usr/include/glib-2.0 -I/usr/lib/glib-2.0/include'
pkg_cv_GTK_LIBS='-lgtk-x11-2.0 -lgdk-x11-2.0 -lpangocairo-1.0 -latk-1.0 -lcairo -lgdk_pixbuf-2.0 -lgio-2.0 -lpangoft2-1.0 -lpango-1.0 -lgobject-2.0 -lglib-2.0 -lfontconfig -lfreetype'

## ----------------- ##
## Output variables. ##
## ----------------- ##

ACLOCAL='aclocal-1.15'
AMDEPBACKSLASH='\'
AMDEP_FALSE='#'
AMDEP_TRUE=''
AMTAR='$${TAR-tar}'
AM_BACKSLASH='\'
AM_DEFAULT_V='$(AM_DEFAULT_VERBOSITY)'
AM_DEFAULT_VERBOSITY='1'
AM_V='$(V)'
AUTOCONF='autoconf'
AUTOHEADER='autoheader'
AUTOMAKE='automake-1.15'
AWK='gawk'
CC='gcc'
CCDEPMODE='depmode=gcc3'
CFLAGS=' -g -DGTK_ENABLE_BROKEN '
CPP='gcc -E'
CPPFLAGS=''
CYGPATH_W='echo'
DEFS='-DHAVE_CONFIG_H'
DEPDIR='.deps'
ECHO_C=''
ECHO_N='-n'
ECHO_T=''
EGREP='/usr/bin/grep -E'
EXEEXT=''
GLIB_CFLAGS='-I/usr/include/glib-2.0 -I/usr/lib/glib-2.0/include'
GLIB_LIBS='-lglib-2.0'
GREP='/usr/bin/grep'
GTK_CFLAGS='-pthread -I/usr/include/gtk-2.0 -I/usr/lib/gtk-2.0/include -I/usr/include/pango-1.0 -I/usr/include/atk-1.0 -I/usr/include/cairo -I/usr/include/pixman-1 -I/usr/include/libdrm -I/usr/include/gdk-pixbuf-2.0 -I/usr/include/libpng16 -I/usr/include/pango-1.0 -I/usr/include/freetype2 -I/usr/include/libpng16 -I/usr/include/harfbuzz -I/usr/include/glib-2.0 -I/usr/lib/glib-2.0/include -I/usr/include/freetype2 -I/usr/include/libpng16 -I/usr/include/harfbuzz -I/usr/include/glib-2.0 -I/usr/lib/glib-2.0/include'
GTK_LIBS='-lgtk-x11-2.0 -lgdk-x11-2.0 -lpangocairo-1.0 -latk-1.0 -lcairo -lgdk_pixbuf-2.0 -lgio-2.0 -lpangoft2-1.0 -lpango-1.0 -lgobject-2.0 -lglib-2.0 -lfontconfig -lfreetype'
INSTALL_DATA='${INSTALL} -m 644'
INSTALL_PROGRAM='${INSTALL}'
INSTALL_SCRIPT='${INSTALL}'
INSTALL_STRIP_PROGRAM='$(install_sh) -c -s'
LDFLAGS=''
LIBOBJS=''
LIBS=''
LTLIBOBJS=''
MAKEINFO='makeinfo'
MKDIR_P='/usr/bin/mkdir -p'
OBJEXT='o'
PACKAGE='kmd'
PACKAGE_BUGREPORT=''
PACKAGE_NAME='KMD'
PACKAGE_STRING='KMD 1.6'
PACKAGE_TARNAME='kmd'
PACKAGE_URL=''
PACKAGE_VERSION='1.6'
PATH_SEPARATOR=':'
PKG_CONFIG='/usr/bin/pkg-config'
PKG_CONFIG_LIBDIR=''
PKG_CONFIG_PATH=''
SET_MAKE=''
SHELL='/bin/sh'
STRIP=''
VERSION='1.6'
ac_ct_CC='gcc'
am__EXEEXT_FALSE=''
am__EXEEXT_TRUE='#'
am__fastdepCC_FALSE='#'
am__fastdepCC_TRUE=''
am__include='include'
am__isrc=''
am__leading_dot='.'
am__nodep='_no'
am__quote=''
am__tar='$${TAR-tar} chof - "$$tardir"'
am__untar='$${TAR-tar} xf -'
bindir='${exec_prefix}/bin'
build='x86_64-unknown-linux-gnu'
build_alias=''
build_cpu='x86_64'
build_os='linux-gnu'
build_vendor='unknown'
datadir='${datarootdir}'
datarootdir='${prefix}/share'
docdir='${datarootdir}/doc/${PACKAGE_TARNAME}'
dvidir='${docdir}'
exec_prefix='${prefix}'
host='x86_64-unknown-linux-gnu'
host_alias=''
host_cpu='x86_64'
host_os='linux-gnu'
host_vendor='unknown'
htmldir='${docdir}'
includedir='${prefix}/include'
infodir='${datarootdir}/info'
install_sh='${SHELL} /home/houman/dissertation/code/komodo/install-sh'
libdir='${exec_prefix}/lib'
libexecdir='${exec_prefix}/libexec'
localedir='${datarootdir}/locale'
localstatedir='${prefix}/var'
mandir='${datarootdir}/man'
mkdir_p='$(MKDIR_P)'
oldincludedir='/usr/include'
pdfdir='${docdir}'
prefix='/usr/local'
program_transform_name='s,x,x,'
psdir='${docdir}'
sbindir='${exec_prefix}/sbin'
sharedstatedir='${prefix}/com'
sysconfdir='${prefix}/etc'
target='x86_64-unknown-linux-gnu'
target_alias=''
target_cpu='x86_64'
target_os='linux-gnu'
target_vendor='unknown'

## ----------- ##
## confdefs.h. ##
## ----------- ##

/* confdefs.h */
#define PACKAGE_NAME "KMD"
#define PACKAGE_TARNAME "kmd"
#define PACKAGE_VERSION "1.6"
#define PACKAGE_STRING "KMD 1.6"
#define PACKAGE_BUGREPORT ""
#define PACKAGE_URL ""
#define PACKAGE "kmd"
#define VERSION "1.6"
#define STDC_HEADERS 1
#define VERBOSE_D 0
#define SERIAL_DEBUG 0
#define DATE "24/02/2017"
#define YEAR "2017"
#define LINUX 1

configure: exit 0

## ---------------------- ##
## Running config.status. ##
## ---------------------- ##

This file was extended by KMD config.status 1.6, which was
generated by GNU Autoconf 2.69.  Invocation command line was

  CONFIG_FILES    = 
  CONFIG_HEADERS  = 
  CONFIG_LINKS    = 
  CONFIG_COMMANDS = 
  $ ./config.status config.h

on candy-kingdom

config.status:873: creating config.h
config.status:1054: config.h is unchanged
